react-with-native:build: cache hit, replaying output [2m92f871279dd922e1[0m
[34mreact-with-native:build: [0m$ tsc
[34mreact-with-native:build: [0msrc/html/H2/H2.native.tsx(13,7): error TS2769: No overload matches this call.
[34mreact-with-native:build: [0m  Overload 1 of 2, '(props: TextProps | Readonly<TextProps>): Text', gave the following error.
[34mreact-with-native:build: [0m    Type 'React.ReactNode' is not assignable to type 'import("/Users/wijnandkarsens/Documents/domains/react-with-native/packages/react-with-native/node_modules/@types/react-native/node_modules/@types/react/index").ReactNode'.
[34mreact-with-native:build: [0m      Type '{}' is not assignable to type 'ReactNode'.
[34mreact-with-native:build: [0m  Overload 2 of 2, '(props: TextProps, context: any): Text', gave the following error.
[34mreact-with-native:build: [0m    Type 'React.ReactNode' is not assignable to type 'import("/Users/wijnandkarsens/Documents/domains/react-with-native/packages/react-with-native/node_modules/@types/react-native/node_modules/@types/react/index").ReactNode'.
[34mreact-with-native:build: [0msrc/html/I/I.native.tsx(16,7): error TS2769: No overload matches this call.
[34mreact-with-native:build: [0m  Overload 1 of 2, '(props: TextProps | Readonly<TextProps>): Text', gave the following error.
[34mreact-with-native:build: [0m    Type 'React.ReactNode' is not assignable to type 'import("/Users/wijnandkarsens/Documents/domains/react-with-native/packages/react-with-native/node_modules/@types/react-native/node_modules/@types/react/index").ReactNode'.
[34mreact-with-native:build: [0m  Overload 2 of 2, '(props: TextProps, context: any): Text', gave the following error.
[34mreact-with-native:build: [0m    Type 'React.ReactNode' is not assignable to type 'import("/Users/wijnandkarsens/Documents/domains/react-with-native/packages/react-with-native/node_modules/@types/react-native/node_modules/@types/react/index").ReactNode'.
[34mreact-with-native:build: [0msrc/html/Input/Input.native.tsx(16,7): error TS2769: No overload matches this call.
[34mreact-with-native:build: [0m  Overload 1 of 2, '(props: TextInputProps | Readonly<TextInputProps>): TextInput', gave the following error.
[34mreact-with-native:build: [0m    Type 'React.ReactNode' is not assignable to type 'import("/Users/wijnandkarsens/Documents/domains/react-with-native/packages/react-with-native/node_modules/@types/react-native/node_modules/@types/react/index").ReactNode'.
[34mreact-with-native:build: [0m  Overload 2 of 2, '(props: TextInputProps, context: any): TextInput', gave the following error.
[34mreact-with-native:build: [0m    Type 'React.ReactNode' is not assignable to type 'import("/Users/wijnandkarsens/Documents/domains/react-with-native/packages/react-with-native/node_modules/@types/react-native/node_modules/@types/react/index").ReactNode'.
[34mreact-with-native:build: [0msrc/html/Label/Label.native.tsx(13,7): error TS2769: No overload matches this call.
[34mreact-with-native:build: [0m  Overload 1 of 2, '(props: TextProps | Readonly<TextProps>): Text', gave the following error.
[34mreact-with-native:build: [0m    Type 'React.ReactNode' is not assignable to type 'import("/Users/wijnandkarsens/Documents/domains/react-with-native/packages/react-with-native/node_modules/@types/react-native/node_modules/@types/react/index").ReactNode'.
[34mreact-with-native:build: [0m  Overload 2 of 2, '(props: TextProps, context: any): Text', gave the following error.
[34mreact-with-native:build: [0m    Type 'React.ReactNode' is not assignable to type 'import("/Users/wijnandkarsens/Documents/domains/react-with-native/packages/react-with-native/node_modules/@types/react-native/node_modules/@types/react/index").ReactNode'.
[34mreact-with-native:build: [0msrc/html/P/P.native.tsx(18,7): error TS2769: No overload matches this call.
[34mreact-with-native:build: [0m  Overload 1 of 2, '(props: TextProps | Readonly<TextProps>): Text', gave the following error.
[34mreact-with-native:build: [0m    Type 'React.ReactNode' is not assignable to type 'import("/Users/wijnandkarsens/Documents/domains/react-with-native/packages/react-with-native/node_modules/@types/react-native/node_modules/@types/react/index").ReactNode'.
[34mreact-with-native:build: [0m  Overload 2 of 2, '(props: TextProps, context: any): Text', gave the following error.
[34mreact-with-native:build: [0m    Type 'React.ReactNode' is not assignable to type 'import("/Users/wijnandkarsens/Documents/domains/react-with-native/packages/react-with-native/node_modules/@types/react-native/node_modules/@types/react/index").ReactNode'.
[34mreact-with-native:build: [0msrc/html/Select/Select.native.tsx(13,7): error TS2769: No overload matches this call.
[34mreact-with-native:build: [0m  Overload 1 of 2, '(props: PickerProps | Readonly<PickerProps>): Picker', gave the following error.
[34mreact-with-native:build: [0m    Type 'void[]' is not assignable to type 'ReactNode'.
[34mreact-with-native:build: [0m      Type 'void[]' is not assignable to type 'ReactFragment'.
[34mreact-with-native:build: [0m        The types returned by '[Symbol.iterator]().next(...)' are incompatible between these types.
[34mreact-with-native:build: [0m          Type 'IteratorResult<void, any>' is not assignable to type 'IteratorResult<ReactNode, any>'.
[34mreact-with-native:build: [0m            Type 'IteratorYieldResult<void>' is not assignable to type 'IteratorResult<ReactNode, any>'.
[34mreact-with-native:build: [0m              Type 'IteratorYieldResult<void>' is not assignable to type 'IteratorYieldResult<ReactNode>'.
[34mreact-with-native:build: [0m                Type 'void' is not assignable to type 'ReactNode'.
[34mreact-with-native:build: [0m  Overload 2 of 2, '(props: PickerProps, context: any): Picker', gave the following error.
[34mreact-with-native:build: [0m    Type 'void[]' is not assignable to type 'ReactNode'.
[34mreact-with-native:build: [0msrc/html/Strong/Strong.native.tsx(16,7): error TS2769: No overload matches this call.
[34mreact-with-native:build: [0m  Overload 1 of 2, '(props: TextProps | Readonly<TextProps>): Text', gave the following error.
[34mreact-with-native:build: [0m    Type 'React.ReactNode' is not assignable to type 'import("/Users/wijnandkarsens/Documents/domains/react-with-native/packages/react-with-native/node_modules/@types/react-native/node_modules/@types/react/index").ReactNode'.
[34mreact-with-native:build: [0m  Overload 2 of 2, '(props: TextProps, context: any): Text', gave the following error.
[34mreact-with-native:build: [0m    Type 'React.ReactNode' is not assignable to type 'import("/Users/wijnandkarsens/Documents/domains/react-with-native/packages/react-with-native/node_modules/@types/react-native/node_modules/@types/react/index").ReactNode'.
[34mreact-with-native:build: [0msrc/react-native/Text/Text.native.tsx(13,7): error TS2769: No overload matches this call.
[34mreact-with-native:build: [0m  Overload 1 of 2, '(props: TextProps | Readonly<TextProps>): Text', gave the following error.
[34mreact-with-native:build: [0m    Type 'React.ReactNode' is not assignable to type 'import("/Users/wijnandkarsens/Documents/domains/react-with-native/packages/react-with-native/node_modules/@types/react-native/node_modules/@types/react/index").ReactNode'.
[34mreact-with-native:build: [0m  Overload 2 of 2, '(props: TextProps, context: any): Text', gave the following error.
[34mreact-with-native:build: [0m    Type 'React.ReactNode' is not assignable to type 'import("/Users/wijnandkarsens/Documents/domains/react-with-native/packages/react-with-native/node_modules/@types/react-native/node_modules/@types/react/index").ReactNode'.
[34mreact-with-native:build: [0merror Command failed with exit code 2.
[34mreact-with-native:build: [0minfo Visit https://yarnpkg.com/en/docs/cli/run for documentation about this command.
